<?xml version="1.0" encoding="utf-8"?><testsuites name="pytest tests"><testsuite name="pytest" errors="0" failures="0" skipped="0" tests="19" time="9.522" timestamp="2026-04-29T16:04:22.133543+00:00" hostname="agent-env-9e04a89f-02ec-487c-ad70-625362f0e529"><testcase classname="backend.tests.test_backend_api.TestHealth" name="test_root" time="0.172" /><testcase classname="backend.tests.test_backend_api.TestAuthPin" name="test_default_admin_login" time="0.339" /><testcase classname="backend.tests.test_backend_api.TestAuthPin" name="test_login_wrong_pin" time="0.352" /><testcase classname="backend.tests.test_backend_api.TestAuthPin" name="test_login_unknown_phone" time="0.109" /><testcase classname="backend.tests.test_backend_api.TestAuthPin" name="test_login_invalid_format" time="0.138" /><testcase classname="backend.tests.test_backend_api.TestAuthPin" name="test_me" time="0.146" /><testcase classname="backend.tests.test_backend_api.TestProfile" name="test_update_name_and_pin" time="2.064" /><testcase classname="backend.tests.test_backend_api.TestProducts" name="test_admin_create_with_category_autofills_name" time="0.430" /><testcase classname="backend.tests.test_backend_api.TestProducts" name="test_agent_can_get_products_but_not_post_or_delete" time="1.553" /><testcase classname="backend.tests.test_backend_api.TestOrdersFlow" name="test_agent_create_with_product_autofills_image_and_category" time="0.445" /><testcase classname="backend.tests.test_backend_api.TestOrdersFlow" name="test_agent_edit_own_new_order" time="0.357" /><testcase classname="backend.tests.test_backend_api.TestOrdersFlow" name="test_agent_cannot_edit_non_new_order" time="1.388" /><testcase classname="backend.tests.test_backend_api.TestOrdersFlow" name="test_agent_can_cancel_own_new_order_but_not_other_status" time="0.343" /><testcase classname="backend.tests.test_backend_api.TestOrdersFlow" name="test_warehouse_cannot_edit_body_but_can_change_status" time="0.370" /><testcase classname="backend.tests.test_backend_api.TestOrdersFlow" name="test_search_and_date_filter" time="0.569" /><testcase classname="backend.tests.test_backend_api.TestClientLookup" name="test_lookup_returns_last_order_data" time="0.368" /><testcase classname="backend.tests.test_backend_api.TestClientLookup" name="test_lookup_unknown_phone_returns_null" time="0.120" /><testcase classname="backend.tests.test_backend_api.TestStats" name="test_admin_stats_has_top_lists_and_cancelled" time="0.108" /><testcase classname="backend.tests.test_backend_api.TestStats" name="test_agent_cannot_get_stats" time="0.093" /></testsuite></testsuites>