<?xml version="1.0" encoding="utf-8"?><testsuites name="pytest tests"><testsuite name="pytest" errors="0" failures="0" skipped="0" tests="24" time="5.129" timestamp="2026-04-29T05:46:02.857533+00:00" hostname="agent-env-9e04a89f-02ec-487c-ad70-625362f0e529"><testcase classname="backend.tests.test_backend_api.TestHealth" name="test_root" time="0.271" /><testcase classname="backend.tests.test_backend_api.TestAuth" name="test_request_otp_unknown_phone" time="0.108" /><testcase classname="backend.tests.test_backend_api.TestAuth" name="test_request_otp_invalid_phone" time="0.136" /><testcase classname="backend.tests.test_backend_api.TestAuth" name="test_admin_request_otp_returns_dev_code" time="0.192" /><testcase classname="backend.tests.test_backend_api.TestAuth" name="test_me" time="0.103" /><testcase classname="backend.tests.test_backend_api.TestAuth" name="test_me_requires_token" time="0.097" /><testcase classname="backend.tests.test_backend_api.TestAuth" name="test_verify_wrong_code" time="0.262" /><testcase classname="backend.tests.test_backend_api.TestCategories" name="test_seeded_categories" time="0.113" /><testcase classname="backend.tests.test_backend_api.TestCategories" name="test_admin_create_and_delete_category" time="0.350" /><testcase classname="backend.tests.test_backend_api.TestCategories" name="test_agent_can_get_categories" time="0.529" /><testcase classname="backend.tests.test_backend_api.TestCategories" name="test_agent_cannot_create_category" time="0.107" /><testcase classname="backend.tests.test_backend_api.TestUsers" name="test_list_users_admin" time="0.236" /><testcase classname="backend.tests.test_backend_api.TestUsers" name="test_agent_cannot_list_users" time="0.111" /><testcase classname="backend.tests.test_backend_api.TestUsers" name="test_create_duplicate_user_fails" time="0.100" /><testcase classname="backend.tests.test_backend_api.TestUsers" name="test_admin_cannot_self_delete" time="0.103" /><testcase classname="backend.tests.test_backend_api.TestUsers" name="test_block_user_prevents_otp" time="0.599" /><testcase classname="backend.tests.test_backend_api.TestOrders" name="test_three_photos_rejected" time="0.102" /><testcase classname="backend.tests.test_backend_api.TestOrders" name="test_agent_lists_only_own_orders" time="0.325" /><testcase classname="backend.tests.test_backend_api.TestOrders" name="test_warehouse_lists_all_orders" time="0.469" /><testcase classname="backend.tests.test_backend_api.TestOrders" name="test_agent_can_get_own_order" time="0.100" /><testcase classname="backend.tests.test_backend_api.TestOrders" name="test_agent_cannot_update_status" time="0.105" /><testcase classname="backend.tests.test_backend_api.TestOrders" name="test_warehouse_status_transition_full_flow" time="0.351" /><testcase classname="backend.tests.test_backend_api.TestStats" name="test_admin_stats" time="0.107" /><testcase classname="backend.tests.test_backend_api.TestStats" name="test_agent_cannot_get_stats" time="0.107" /></testsuite></testsuites>